[2020-11-21 00:09:15,558] {taskinstance.py:669} INFO - Dependencies all met for <TaskInstance: us_covid_daily_report_pipeline.fetch_covid_daily_confirmed 2020-11-15T00:00:00+00:00 [queued]>
[2020-11-21 00:09:15,661] {taskinstance.py:669} INFO - Dependencies all met for <TaskInstance: us_covid_daily_report_pipeline.fetch_covid_daily_confirmed 2020-11-15T00:00:00+00:00 [queued]>
[2020-11-21 00:09:15,663] {taskinstance.py:879} INFO - 
--------------------------------------------------------------------------------
[2020-11-21 00:09:15,665] {taskinstance.py:880} INFO - Starting attempt 3 of 3
[2020-11-21 00:09:15,668] {taskinstance.py:881} INFO - 
--------------------------------------------------------------------------------
[2020-11-21 00:09:15,737] {taskinstance.py:900} INFO - Executing <Task(BashOperator): fetch_covid_daily_confirmed> on 2020-11-15T00:00:00+00:00
[2020-11-21 00:09:15,745] {standard_task_runner.py:53} INFO - Started process 1602 to run task
[2020-11-21 00:09:16,055] {logging_mixin.py:112} INFO - Running %s on host %s <TaskInstance: us_covid_daily_report_pipeline.fetch_covid_daily_confirmed 2020-11-15T00:00:00+00:00 [running]> 49d9d1292dd2
[2020-11-21 00:09:16,142] {bash_operator.py:82} INFO - Tmp dir root location: 
 /tmp
[2020-11-21 00:09:16,144] {bash_operator.py:105} INFO - Temporary script location: /tmp/airflowtmp7geypm28/fetch_covid_daily_confirmedix95kjm8
[2020-11-21 00:09:16,145] {bash_operator.py:115} INFO - Running command: curl -o /opt/airflow/data/confirmed_20201115.json         --request GET 	    --url https://covid1910.p.rapidapi.com/data/confirmed/country/us/date/11-15-2020 	    --header 'x-rapidapi-host: covid1910.p.rapidapi.com' 	    --header 'x-rapidapi-key: None'
[2020-11-21 00:09:16,154] {bash_operator.py:122} INFO - Output:
[2020-11-21 00:09:16,167] {bash_operator.py:126} INFO -   % Total    % Received % Xferd  Average Speed   Time    Time     Time  Current
[2020-11-21 00:09:16,168] {bash_operator.py:126} INFO -                                  Dload  Upload   Total   Spent    Left  Speed
[2020-11-21 00:09:16,276] {bash_operator.py:126} INFO -   0     0    0     0    0     0      0      0 --:--:-- --:--:-- --:--:--     0100    31  100    31    0     0    284      0 --:--:-- --:--:-- --:--:--   284
[2020-11-21 00:09:16,280] {bash_operator.py:130} INFO - Command exited with return code 0
[2020-11-21 00:09:16,313] {taskinstance.py:1065} INFO - Marking task as SUCCESS.dag_id=us_covid_daily_report_pipeline, task_id=fetch_covid_daily_confirmed, execution_date=20201115T000000, start_date=20201121T000915, end_date=20201121T000916
[2020-11-21 00:09:25,426] {logging_mixin.py:112} INFO - [2020-11-21 00:09:25,425] {local_task_job.py:103} INFO - Task exited with return code 0
