[2020-11-21 00:20:27,099] {taskinstance.py:669} INFO - Dependencies all met for <TaskInstance: us_covid_daily_report_pipeline.fetch_covid_daily_confirmed 2020-11-15T00:00:00+00:00 [queued]>
[2020-11-21 00:20:27,174] {taskinstance.py:669} INFO - Dependencies all met for <TaskInstance: us_covid_daily_report_pipeline.fetch_covid_daily_confirmed 2020-11-15T00:00:00+00:00 [queued]>
[2020-11-21 00:20:27,175] {taskinstance.py:879} INFO - 
--------------------------------------------------------------------------------
[2020-11-21 00:20:27,176] {taskinstance.py:880} INFO - Starting attempt 4 of 4
[2020-11-21 00:20:27,178] {taskinstance.py:881} INFO - 
--------------------------------------------------------------------------------
[2020-11-21 00:20:27,219] {taskinstance.py:900} INFO - Executing <Task(BashOperator): fetch_covid_daily_confirmed> on 2020-11-15T00:00:00+00:00
[2020-11-21 00:20:27,225] {standard_task_runner.py:53} INFO - Started process 4976 to run task
[2020-11-21 00:20:27,485] {logging_mixin.py:112} INFO - Running %s on host %s <TaskInstance: us_covid_daily_report_pipeline.fetch_covid_daily_confirmed 2020-11-15T00:00:00+00:00 [running]> 49d9d1292dd2
[2020-11-21 00:20:27,550] {bash_operator.py:82} INFO - Tmp dir root location: 
 /tmp
[2020-11-21 00:20:27,554] {bash_operator.py:105} INFO - Temporary script location: /tmp/airflowtmpz1l305qh/fetch_covid_daily_confirmed206y580w
[2020-11-21 00:20:27,557] {bash_operator.py:115} INFO - Running command: curl -o /opt/airflow/data/confirmed_20201115.json         --request GET 	    --url https://covid1910.p.rapidapi.com/data/confirmed/country/us/date/11-15-2020 	    --header 'x-rapidapi-host: covid1910.p.rapidapi.com' 	    --header 'x-rapidapi-key: None'
[2020-11-21 00:20:27,568] {bash_operator.py:122} INFO - Output:
[2020-11-21 00:20:27,590] {bash_operator.py:126} INFO -   % Total    % Received % Xferd  Average Speed   Time    Time     Time  Current
[2020-11-21 00:20:27,592] {bash_operator.py:126} INFO -                                  Dload  Upload   Total   Spent    Left  Speed
[2020-11-21 00:20:27,831] {bash_operator.py:126} INFO -   0     0    0     0    0     0      0      0 --:--:-- --:--:-- --:--:--     0100    49  100    49    0     0    203      0 --:--:-- --:--:-- --:--:--   203
[2020-11-21 00:20:27,834] {bash_operator.py:130} INFO - Command exited with return code 0
[2020-11-21 00:20:27,877] {taskinstance.py:1065} INFO - Marking task as SUCCESS.dag_id=us_covid_daily_report_pipeline, task_id=fetch_covid_daily_confirmed, execution_date=20201115T000000, start_date=20201121T002027, end_date=20201121T002027
[2020-11-21 00:20:36,977] {logging_mixin.py:112} INFO - [2020-11-21 00:20:36,976] {local_task_job.py:103} INFO - Task exited with return code 0
