[2020-11-21 00:34:10,762] {taskinstance.py:669} INFO - Dependencies all met for <TaskInstance: us_covid_daily_report_pipeline.fetch_covid_us_data 2020-11-18T00:00:00+00:00 [queued]>
[2020-11-21 00:34:10,838] {taskinstance.py:669} INFO - Dependencies all met for <TaskInstance: us_covid_daily_report_pipeline.fetch_covid_us_data 2020-11-18T00:00:00+00:00 [queued]>
[2020-11-21 00:34:10,839] {taskinstance.py:879} INFO - 
--------------------------------------------------------------------------------
[2020-11-21 00:34:10,842] {taskinstance.py:880} INFO - Starting attempt 1 of 1
[2020-11-21 00:34:10,845] {taskinstance.py:881} INFO - 
--------------------------------------------------------------------------------
[2020-11-21 00:34:10,906] {taskinstance.py:900} INFO - Executing <Task(BashOperator): fetch_covid_us_data> on 2020-11-18T00:00:00+00:00
[2020-11-21 00:34:10,913] {standard_task_runner.py:53} INFO - Started process 720 to run task
[2020-11-21 00:34:11,221] {logging_mixin.py:112} INFO - Running %s on host %s <TaskInstance: us_covid_daily_report_pipeline.fetch_covid_us_data 2020-11-18T00:00:00+00:00 [running]> 47cc47201df9
[2020-11-21 00:34:11,288] {bash_operator.py:82} INFO - Tmp dir root location: 
 /tmp
[2020-11-21 00:34:11,290] {bash_operator.py:105} INFO - Temporary script location: /tmp/airflowtmpkl9fc70m/fetch_covid_us_datazk_puc7d
[2020-11-21 00:34:11,291] {bash_operator.py:115} INFO - Running command: curl -o /opt/airflow/data/20201118.json         --request GET 	    --url https://api.covidtracking.com/v1/us/20201118.json
[2020-11-21 00:34:11,304] {bash_operator.py:122} INFO - Output:
[2020-11-21 00:34:11,316] {bash_operator.py:126} INFO -   % Total    % Received % Xferd  Average Speed   Time    Time     Time  Current
[2020-11-21 00:34:11,317] {bash_operator.py:126} INFO -                                  Dload  Upload   Total   Spent    Left  Speed
[2020-11-21 00:34:12,874] {bash_operator.py:126} INFO -   0     0    0     0    0     0      0      0 --:--:-- --:--:-- --:--:--     0  0     0    0     0    0     0      0      0 --:--:--  0:00:01 --:--:--     0100   624  100   624    0     0    400      0  0:00:01  0:00:01 --:--:--   400
[2020-11-21 00:34:12,880] {bash_operator.py:130} INFO - Command exited with return code 0
[2020-11-21 00:34:12,920] {taskinstance.py:1065} INFO - Marking task as SUCCESS.dag_id=us_covid_daily_report_pipeline, task_id=fetch_covid_us_data, execution_date=20201118T000000, start_date=20201121T003410, end_date=20201121T003412
[2020-11-21 00:34:20,702] {logging_mixin.py:112} INFO - [2020-11-21 00:34:20,701] {local_task_job.py:103} INFO - Task exited with return code 0
