[2020-11-21 00:34:08,775] {taskinstance.py:669} INFO - Dependencies all met for <TaskInstance: us_covid_daily_report_pipeline.fetch_covid_us_data 2020-11-15T00:00:00+00:00 [queued]>
[2020-11-21 00:34:08,904] {taskinstance.py:669} INFO - Dependencies all met for <TaskInstance: us_covid_daily_report_pipeline.fetch_covid_us_data 2020-11-15T00:00:00+00:00 [queued]>
[2020-11-21 00:34:08,906] {taskinstance.py:879} INFO - 
--------------------------------------------------------------------------------
[2020-11-21 00:34:08,907] {taskinstance.py:880} INFO - Starting attempt 1 of 1
[2020-11-21 00:34:08,908] {taskinstance.py:881} INFO - 
--------------------------------------------------------------------------------
[2020-11-21 00:34:08,976] {taskinstance.py:900} INFO - Executing <Task(BashOperator): fetch_covid_us_data> on 2020-11-15T00:00:00+00:00
[2020-11-21 00:34:08,993] {standard_task_runner.py:53} INFO - Started process 679 to run task
[2020-11-21 00:34:09,324] {logging_mixin.py:112} INFO - Running %s on host %s <TaskInstance: us_covid_daily_report_pipeline.fetch_covid_us_data 2020-11-15T00:00:00+00:00 [running]> 47cc47201df9
[2020-11-21 00:34:09,397] {bash_operator.py:82} INFO - Tmp dir root location: 
 /tmp
[2020-11-21 00:34:09,400] {bash_operator.py:105} INFO - Temporary script location: /tmp/airflowtmp8xvu92ax/fetch_covid_us_datac3902a7p
[2020-11-21 00:34:09,401] {bash_operator.py:115} INFO - Running command: curl -o /opt/airflow/data/20201115.json         --request GET 	    --url https://api.covidtracking.com/v1/us/20201115.json
[2020-11-21 00:34:09,413] {bash_operator.py:122} INFO - Output:
[2020-11-21 00:34:09,432] {bash_operator.py:126} INFO -   % Total    % Received % Xferd  Average Speed   Time    Time     Time  Current
[2020-11-21 00:34:09,433] {bash_operator.py:126} INFO -                                  Dload  Upload   Total   Spent    Left  Speed
[2020-11-21 00:34:12,683] {bash_operator.py:126} INFO -   0     0    0     0    0     0      0      0 --:--:-- --:--:-- --:--:--     0  0     0    0     0    0     0      0      0 --:--:-- --:--:-- --:--:--     0  0     0    0     0    0     0      0      0 --:--:--  0:00:01 --:--:--     0  0     0    0     0    0     0      0      0 --:--:--  0:00:02 --:--:--     0100   623  100   623    0     0    191      0  0:00:03  0:00:03 --:--:--   191
[2020-11-21 00:34:12,685] {bash_operator.py:130} INFO - Command exited with return code 0
[2020-11-21 00:34:12,719] {taskinstance.py:1065} INFO - Marking task as SUCCESS.dag_id=us_covid_daily_report_pipeline, task_id=fetch_covid_us_data, execution_date=20201115T000000, start_date=20201121T003408, end_date=20201121T003412
[2020-11-21 00:34:18,652] {logging_mixin.py:112} INFO - [2020-11-21 00:34:18,652] {local_task_job.py:103} INFO - Task exited with return code 0
