[2020-11-20 23:55:40,283] {taskinstance.py:669} INFO - Dependencies all met for <TaskInstance: us_covid_daily_report_pipeline.fetch_covid_daily_deaths 2020-11-17T00:00:00+00:00 [queued]>
[2020-11-20 23:55:40,371] {taskinstance.py:669} INFO - Dependencies all met for <TaskInstance: us_covid_daily_report_pipeline.fetch_covid_daily_deaths 2020-11-17T00:00:00+00:00 [queued]>
[2020-11-20 23:55:40,373] {taskinstance.py:879} INFO - 
--------------------------------------------------------------------------------
[2020-11-20 23:55:40,374] {taskinstance.py:880} INFO - Starting attempt 1 of 1
[2020-11-20 23:55:40,375] {taskinstance.py:881} INFO - 
--------------------------------------------------------------------------------
[2020-11-20 23:55:40,431] {taskinstance.py:900} INFO - Executing <Task(BashOperator): fetch_covid_daily_deaths> on 2020-11-17T00:00:00+00:00
[2020-11-20 23:55:40,438] {standard_task_runner.py:53} INFO - Started process 448 to run task
[2020-11-20 23:55:40,978] {logging_mixin.py:112} INFO - Running %s on host %s <TaskInstance: us_covid_daily_report_pipeline.fetch_covid_daily_deaths 2020-11-17T00:00:00+00:00 [running]> 5fdb493b75fa
[2020-11-20 23:55:41,152] {bash_operator.py:82} INFO - Tmp dir root location: 
 /tmp
[2020-11-20 23:55:41,155] {bash_operator.py:105} INFO - Temporary script location: /tmp/airflowtmpl6w31vqq/fetch_covid_daily_deaths0ctmxan5
[2020-11-20 23:55:41,156] {bash_operator.py:115} INFO - Running command: curl -o /opt/airflow/data/death_20201117.json         --request GET 	    --url https://covid1910.p.rapidapi.com/data/confirmed/province/date/11-17-2020 	    --header 'x-rapidapi-host: covid1910.p.rapidapi.com' 	    --header 'x-rapidapi-key: None'
[2020-11-20 23:55:41,185] {bash_operator.py:122} INFO - Output:
[2020-11-20 23:55:41,206] {bash_operator.py:126} INFO -   % Total    % Received % Xferd  Average Speed   Time    Time     Time  Current
[2020-11-20 23:55:41,211] {bash_operator.py:126} INFO -                                  Dload  Upload   Total   Spent    Left  Speed
[2020-11-20 23:55:41,437] {bash_operator.py:126} INFO -   0     0    0     0    0     0      0      0 --:--:-- --:--:-- --:--:--     0100    49  100    49    0     0    212      0 --:--:-- --:--:-- --:--:--   213
[2020-11-20 23:55:41,442] {bash_operator.py:130} INFO - Command exited with return code 0
[2020-11-20 23:55:41,533] {taskinstance.py:1065} INFO - Marking task as SUCCESS.dag_id=us_covid_daily_report_pipeline, task_id=fetch_covid_daily_deaths, execution_date=20201117T000000, start_date=20201120T235540, end_date=20201120T235541
[2020-11-20 23:55:50,198] {logging_mixin.py:112} INFO - [2020-11-20 23:55:50,198] {local_task_job.py:103} INFO - Task exited with return code 0
