[2020-12-06 22:50:21,683] {taskinstance.py:669} INFO - Dependencies all met for <TaskInstance: us_covid_daily_report_pipeline.fetch_covid_us_data 2020-12-05T00:00:00+00:00 [queued]>
[2020-12-06 22:50:21,736] {taskinstance.py:669} INFO - Dependencies all met for <TaskInstance: us_covid_daily_report_pipeline.fetch_covid_us_data 2020-12-05T00:00:00+00:00 [queued]>
[2020-12-06 22:50:21,737] {taskinstance.py:879} INFO - 
--------------------------------------------------------------------------------
[2020-12-06 22:50:21,737] {taskinstance.py:880} INFO - Starting attempt 1 of 1
[2020-12-06 22:50:21,739] {taskinstance.py:881} INFO - 
--------------------------------------------------------------------------------
[2020-12-06 22:50:21,779] {taskinstance.py:900} INFO - Executing <Task(BashOperator): fetch_covid_us_data> on 2020-12-05T00:00:00+00:00
[2020-12-06 22:50:21,786] {standard_task_runner.py:53} INFO - Started process 5823 to run task
[2020-12-06 22:50:21,989] {logging_mixin.py:112} INFO - Running %s on host %s <TaskInstance: us_covid_daily_report_pipeline.fetch_covid_us_data 2020-12-05T00:00:00+00:00 [running]> 0d17e5047b06
[2020-12-06 22:50:22,070] {bash_operator.py:82} INFO - Tmp dir root location: 
 /tmp
[2020-12-06 22:50:22,073] {bash_operator.py:105} INFO - Temporary script location: /tmp/airflowtmp3cfd696c/fetch_covid_us_datax5eaovfm
[2020-12-06 22:50:22,074] {bash_operator.py:115} INFO - Running command: curl -o /opt/airflow/data/20201205.json         --request GET 	    --url https://api.covidtracking.com/v1/us/20201205.json
[2020-12-06 22:50:22,086] {bash_operator.py:122} INFO - Output:
[2020-12-06 22:50:22,101] {bash_operator.py:126} INFO -   % Total    % Received % Xferd  Average Speed   Time    Time     Time  Current
[2020-12-06 22:50:22,102] {bash_operator.py:126} INFO -                                  Dload  Upload   Total   Spent    Left  Speed
[2020-12-06 22:50:22,210] {bash_operator.py:126} INFO -   0     0    0     0    0     0      0      0 --:--:-- --:--:-- --:--:--     0100   625  100   625    0     0   5787      0 --:--:-- --:--:-- --:--:--  5787
[2020-12-06 22:50:22,215] {bash_operator.py:130} INFO - Command exited with return code 0
[2020-12-06 22:50:22,260] {taskinstance.py:1065} INFO - Marking task as SUCCESS.dag_id=us_covid_daily_report_pipeline, task_id=fetch_covid_us_data, execution_date=20201205T000000, start_date=20201206T225021, end_date=20201206T225022
[2020-12-06 22:50:31,591] {logging_mixin.py:112} INFO - [2020-12-06 22:50:31,590] {local_task_job.py:103} INFO - Task exited with return code 0
