[2020-12-06 22:50:19,539] {taskinstance.py:669} INFO - Dependencies all met for <TaskInstance: us_covid_daily_report_pipeline.fetch_covid_us_data 2020-12-03T00:00:00+00:00 [queued]>
[2020-12-06 22:50:19,605] {taskinstance.py:669} INFO - Dependencies all met for <TaskInstance: us_covid_daily_report_pipeline.fetch_covid_us_data 2020-12-03T00:00:00+00:00 [queued]>
[2020-12-06 22:50:19,606] {taskinstance.py:879} INFO - 
--------------------------------------------------------------------------------
[2020-12-06 22:50:19,607] {taskinstance.py:880} INFO - Starting attempt 1 of 1
[2020-12-06 22:50:19,607] {taskinstance.py:881} INFO - 
--------------------------------------------------------------------------------
[2020-12-06 22:50:19,671] {taskinstance.py:900} INFO - Executing <Task(BashOperator): fetch_covid_us_data> on 2020-12-03T00:00:00+00:00
[2020-12-06 22:50:19,679] {standard_task_runner.py:53} INFO - Started process 5779 to run task
[2020-12-06 22:50:19,880] {logging_mixin.py:112} INFO - Running %s on host %s <TaskInstance: us_covid_daily_report_pipeline.fetch_covid_us_data 2020-12-03T00:00:00+00:00 [running]> 0d17e5047b06
[2020-12-06 22:50:19,994] {bash_operator.py:82} INFO - Tmp dir root location: 
 /tmp
[2020-12-06 22:50:19,996] {bash_operator.py:105} INFO - Temporary script location: /tmp/airflowtmplgw3vh_e/fetch_covid_us_data25utr852
[2020-12-06 22:50:19,997] {bash_operator.py:115} INFO - Running command: curl -o /opt/airflow/data/20201203.json         --request GET 	    --url https://api.covidtracking.com/v1/us/20201203.json
[2020-12-06 22:50:20,010] {bash_operator.py:122} INFO - Output:
[2020-12-06 22:50:20,033] {bash_operator.py:126} INFO -   % Total    % Received % Xferd  Average Speed   Time    Time     Time  Current
[2020-12-06 22:50:20,033] {bash_operator.py:126} INFO -                                  Dload  Upload   Total   Spent    Left  Speed
[2020-12-06 22:50:20,078] {bash_operator.py:126} INFO -   0     0    0     0    0     0      0      0 --:--:-- --:--:-- --:--:--     0100   625  100   625    0     0  13888      0 --:--:-- --:--:-- --:--:-- 13888
[2020-12-06 22:50:20,084] {bash_operator.py:130} INFO - Command exited with return code 0
[2020-12-06 22:50:20,139] {taskinstance.py:1065} INFO - Marking task as SUCCESS.dag_id=us_covid_daily_report_pipeline, task_id=fetch_covid_us_data, execution_date=20201203T000000, start_date=20201206T225019, end_date=20201206T225020
[2020-12-06 22:50:29,489] {logging_mixin.py:112} INFO - [2020-12-06 22:50:29,488] {local_task_job.py:103} INFO - Task exited with return code 0
