[2020-11-21 00:05:33,685] {taskinstance.py:669} INFO - Dependencies all met for <TaskInstance: us_covid_daily_report_pipeline.fetch_covid_daily_recovered 2020-11-15T00:00:00+00:00 [queued]>
[2020-11-21 00:05:33,763] {taskinstance.py:669} INFO - Dependencies all met for <TaskInstance: us_covid_daily_report_pipeline.fetch_covid_daily_recovered 2020-11-15T00:00:00+00:00 [queued]>
[2020-11-21 00:05:33,764] {taskinstance.py:879} INFO - 
--------------------------------------------------------------------------------
[2020-11-21 00:05:33,768] {taskinstance.py:880} INFO - Starting attempt 2 of 2
[2020-11-21 00:05:33,769] {taskinstance.py:881} INFO - 
--------------------------------------------------------------------------------
[2020-11-21 00:05:33,818] {taskinstance.py:900} INFO - Executing <Task(BashOperator): fetch_covid_daily_recovered> on 2020-11-15T00:00:00+00:00
[2020-11-21 00:05:33,825] {standard_task_runner.py:53} INFO - Started process 454 to run task
[2020-11-21 00:05:34,112] {logging_mixin.py:112} INFO - Running %s on host %s <TaskInstance: us_covid_daily_report_pipeline.fetch_covid_daily_recovered 2020-11-15T00:00:00+00:00 [running]> 49d9d1292dd2
[2020-11-21 00:05:34,213] {bash_operator.py:82} INFO - Tmp dir root location: 
 /tmp
[2020-11-21 00:05:34,215] {bash_operator.py:105} INFO - Temporary script location: /tmp/airflowtmpn0ehf0ul/fetch_covid_daily_recoveredp_f1m7nd
[2020-11-21 00:05:34,217] {bash_operator.py:115} INFO - Running command: curl -o /opt/airflow/data/recovered_20201115.json         --request GET 	    --url https://covid1910.p.rapidapi.com/data/confirmed/country/us/date/11-15-2020 	    --header 'x-rapidapi-host: covid1910.p.rapidapi.com' 	    --header 'x-rapidapi-key: None'
[2020-11-21 00:05:34,234] {bash_operator.py:122} INFO - Output:
[2020-11-21 00:05:34,254] {bash_operator.py:126} INFO -   % Total    % Received % Xferd  Average Speed   Time    Time     Time  Current
[2020-11-21 00:05:34,255] {bash_operator.py:126} INFO -                                  Dload  Upload   Total   Spent    Left  Speed
[2020-11-21 00:05:34,452] {bash_operator.py:126} INFO -   0     0    0     0    0     0      0      0 --:--:-- --:--:-- --:--:--     0100    49  100    49    0     0    247      0 --:--:-- --:--:-- --:--:--   247
[2020-11-21 00:05:34,456] {bash_operator.py:130} INFO - Command exited with return code 0
[2020-11-21 00:05:34,498] {taskinstance.py:1065} INFO - Marking task as SUCCESS.dag_id=us_covid_daily_report_pipeline, task_id=fetch_covid_daily_recovered, execution_date=20201115T000000, start_date=20201121T000533, end_date=20201121T000534
[2020-11-21 00:05:43,563] {logging_mixin.py:112} INFO - [2020-11-21 00:05:43,562] {local_task_job.py:103} INFO - Task exited with return code 0
