[2020-11-21 00:00:04,055] {taskinstance.py:669} INFO - Dependencies all met for <TaskInstance: us_covid_daily_report_pipeline.fetch_covid_daily_deaths 2020-11-20T00:00:00+00:00 [queued]>
[2020-11-21 00:00:04,135] {taskinstance.py:669} INFO - Dependencies all met for <TaskInstance: us_covid_daily_report_pipeline.fetch_covid_daily_deaths 2020-11-20T00:00:00+00:00 [queued]>
[2020-11-21 00:00:04,136] {taskinstance.py:879} INFO - 
--------------------------------------------------------------------------------
[2020-11-21 00:00:04,142] {taskinstance.py:880} INFO - Starting attempt 1 of 1
[2020-11-21 00:00:04,146] {taskinstance.py:881} INFO - 
--------------------------------------------------------------------------------
[2020-11-21 00:00:04,203] {taskinstance.py:900} INFO - Executing <Task(BashOperator): fetch_covid_daily_deaths> on 2020-11-20T00:00:00+00:00
[2020-11-21 00:00:04,210] {standard_task_runner.py:53} INFO - Started process 1857 to run task
[2020-11-21 00:00:04,502] {logging_mixin.py:112} INFO - Running %s on host %s <TaskInstance: us_covid_daily_report_pipeline.fetch_covid_daily_deaths 2020-11-20T00:00:00+00:00 [running]> 5fdb493b75fa
[2020-11-21 00:00:04,605] {bash_operator.py:82} INFO - Tmp dir root location: 
 /tmp
[2020-11-21 00:00:04,612] {bash_operator.py:105} INFO - Temporary script location: /tmp/airflowtmpbovc1g7r/fetch_covid_daily_deathsq6f5uice
[2020-11-21 00:00:04,614] {bash_operator.py:115} INFO - Running command: curl -o /opt/airflow/data/death_20201120.json         --request GET 	    --url https://covid1910.p.rapidapi.com/data/confirmed/province/date/11-20-2020 	    --header 'x-rapidapi-host: covid1910.p.rapidapi.com' 	    --header 'x-rapidapi-key: None'
[2020-11-21 00:00:04,628] {bash_operator.py:122} INFO - Output:
[2020-11-21 00:00:04,645] {bash_operator.py:126} INFO -   % Total    % Received % Xferd  Average Speed   Time    Time     Time  Current
[2020-11-21 00:00:04,646] {bash_operator.py:126} INFO -                                  Dload  Upload   Total   Spent    Left  Speed
[2020-11-21 00:00:04,845] {bash_operator.py:126} INFO -   0     0    0     0    0     0      0      0 --:--:-- --:--:-- --:--:--     0100    49  100    49    0     0    245      0 --:--:-- --:--:-- --:--:--   245
[2020-11-21 00:00:04,849] {bash_operator.py:130} INFO - Command exited with return code 0
[2020-11-21 00:00:04,916] {taskinstance.py:1065} INFO - Marking task as SUCCESS.dag_id=us_covid_daily_report_pipeline, task_id=fetch_covid_daily_deaths, execution_date=20201120T000000, start_date=20201121T000004, end_date=20201121T000004
[2020-11-21 00:00:13,922] {logging_mixin.py:112} INFO - [2020-11-21 00:00:13,922] {local_task_job.py:103} INFO - Task exited with return code 0
