[2020-11-20 23:55:38,094] {taskinstance.py:669} INFO - Dependencies all met for <TaskInstance: us_covid_daily_report_pipeline.fetch_covid_daily_deaths 2020-11-16T00:00:00+00:00 [queued]>
[2020-11-20 23:55:38,258] {taskinstance.py:669} INFO - Dependencies all met for <TaskInstance: us_covid_daily_report_pipeline.fetch_covid_daily_deaths 2020-11-16T00:00:00+00:00 [queued]>
[2020-11-20 23:55:38,264] {taskinstance.py:879} INFO - 
--------------------------------------------------------------------------------
[2020-11-20 23:55:38,276] {taskinstance.py:880} INFO - Starting attempt 1 of 1
[2020-11-20 23:55:38,277] {taskinstance.py:881} INFO - 
--------------------------------------------------------------------------------
[2020-11-20 23:55:38,399] {taskinstance.py:900} INFO - Executing <Task(BashOperator): fetch_covid_daily_deaths> on 2020-11-16T00:00:00+00:00
[2020-11-20 23:55:38,418] {standard_task_runner.py:53} INFO - Started process 368 to run task
[2020-11-20 23:55:39,189] {logging_mixin.py:112} INFO - Running %s on host %s <TaskInstance: us_covid_daily_report_pipeline.fetch_covid_daily_deaths 2020-11-16T00:00:00+00:00 [running]> 5fdb493b75fa
[2020-11-20 23:55:39,425] {bash_operator.py:82} INFO - Tmp dir root location: 
 /tmp
[2020-11-20 23:55:39,434] {bash_operator.py:105} INFO - Temporary script location: /tmp/airflowtmpegx5nz_v/fetch_covid_daily_deathswsmgucuc
[2020-11-20 23:55:39,443] {bash_operator.py:115} INFO - Running command: curl -o /opt/airflow/data/death_20201116.json         --request GET 	    --url https://covid1910.p.rapidapi.com/data/confirmed/province/date/11-16-2020 	    --header 'x-rapidapi-host: covid1910.p.rapidapi.com' 	    --header 'x-rapidapi-key: None'
[2020-11-20 23:55:39,491] {bash_operator.py:122} INFO - Output:
[2020-11-20 23:55:39,537] {bash_operator.py:126} INFO -   % Total    % Received % Xferd  Average Speed   Time    Time     Time  Current
[2020-11-20 23:55:39,538] {bash_operator.py:126} INFO -                                  Dload  Upload   Total   Spent    Left  Speed
[2020-11-20 23:55:39,651] {bash_operator.py:126} INFO -   0     0    0     0    0     0      0      0 --:--:-- --:--:-- --:--:--     0100    31  100    31    0     0    271      0 --:--:-- --:--:-- --:--:--   271
[2020-11-20 23:55:39,658] {bash_operator.py:130} INFO - Command exited with return code 0
[2020-11-20 23:55:39,696] {taskinstance.py:1065} INFO - Marking task as SUCCESS.dag_id=us_covid_daily_report_pipeline, task_id=fetch_covid_daily_deaths, execution_date=20201116T000000, start_date=20201120T235538, end_date=20201120T235539
[2020-11-20 23:55:47,791] {logging_mixin.py:112} INFO - [2020-11-20 23:55:47,790] {local_task_job.py:103} INFO - Task exited with return code 0
