[2020-11-20 23:55:37,617] {taskinstance.py:669} INFO - Dependencies all met for <TaskInstance: us_covid_daily_report_pipeline.fetch_covid_daily_deaths 2020-11-15T00:00:00+00:00 [queued]>
[2020-11-20 23:55:37,720] {taskinstance.py:669} INFO - Dependencies all met for <TaskInstance: us_covid_daily_report_pipeline.fetch_covid_daily_deaths 2020-11-15T00:00:00+00:00 [queued]>
[2020-11-20 23:55:37,726] {taskinstance.py:879} INFO - 
--------------------------------------------------------------------------------
[2020-11-20 23:55:37,736] {taskinstance.py:880} INFO - Starting attempt 1 of 1
[2020-11-20 23:55:37,738] {taskinstance.py:881} INFO - 
--------------------------------------------------------------------------------
[2020-11-20 23:55:37,899] {taskinstance.py:900} INFO - Executing <Task(BashOperator): fetch_covid_daily_deaths> on 2020-11-15T00:00:00+00:00
[2020-11-20 23:55:37,905] {standard_task_runner.py:53} INFO - Started process 359 to run task
[2020-11-20 23:55:38,644] {logging_mixin.py:112} INFO - Running %s on host %s <TaskInstance: us_covid_daily_report_pipeline.fetch_covid_daily_deaths 2020-11-15T00:00:00+00:00 [running]> 5fdb493b75fa
[2020-11-20 23:55:38,841] {bash_operator.py:82} INFO - Tmp dir root location: 
 /tmp
[2020-11-20 23:55:38,847] {bash_operator.py:105} INFO - Temporary script location: /tmp/airflowtmpza6pkenh/fetch_covid_daily_deathsy7i3gh59
[2020-11-20 23:55:38,851] {bash_operator.py:115} INFO - Running command: curl -o /opt/airflow/data/death_20201115.json         --request GET 	    --url https://covid1910.p.rapidapi.com/data/confirmed/province/date/11-15-2020 	    --header 'x-rapidapi-host: covid1910.p.rapidapi.com' 	    --header 'x-rapidapi-key: None'
[2020-11-20 23:55:38,887] {bash_operator.py:122} INFO - Output:
[2020-11-20 23:55:38,934] {bash_operator.py:126} INFO -   % Total    % Received % Xferd  Average Speed   Time    Time     Time  Current
[2020-11-20 23:55:38,939] {bash_operator.py:126} INFO -                                  Dload  Upload   Total   Spent    Left  Speed
[2020-11-20 23:55:39,018] {bash_operator.py:126} INFO -   0     0    0     0    0     0      0      0 --:--:-- --:--:-- --:--:--     0100    31  100    31    0     0    326      0 --:--:-- --:--:-- --:--:--   378
[2020-11-20 23:55:39,023] {bash_operator.py:130} INFO - Command exited with return code 0
[2020-11-20 23:55:39,163] {taskinstance.py:1065} INFO - Marking task as SUCCESS.dag_id=us_covid_daily_report_pipeline, task_id=fetch_covid_daily_deaths, execution_date=20201115T000000, start_date=20201120T235537, end_date=20201120T235539
[2020-11-20 23:55:47,381] {logging_mixin.py:112} INFO - [2020-11-20 23:55:47,381] {local_task_job.py:103} INFO - Task exited with return code 0
