[2020-11-21 00:05:33,696] {taskinstance.py:669} INFO - Dependencies all met for <TaskInstance: us_covid_daily_report_pipeline.fetch_covid_daily_deaths 2020-11-15T00:00:00+00:00 [queued]>
[2020-11-21 00:05:33,778] {taskinstance.py:669} INFO - Dependencies all met for <TaskInstance: us_covid_daily_report_pipeline.fetch_covid_daily_deaths 2020-11-15T00:00:00+00:00 [queued]>
[2020-11-21 00:05:33,779] {taskinstance.py:879} INFO - 
--------------------------------------------------------------------------------
[2020-11-21 00:05:33,781] {taskinstance.py:880} INFO - Starting attempt 2 of 2
[2020-11-21 00:05:33,782] {taskinstance.py:881} INFO - 
--------------------------------------------------------------------------------
[2020-11-21 00:05:33,835] {taskinstance.py:900} INFO - Executing <Task(BashOperator): fetch_covid_daily_deaths> on 2020-11-15T00:00:00+00:00
[2020-11-21 00:05:33,840] {standard_task_runner.py:53} INFO - Started process 455 to run task
[2020-11-21 00:05:34,125] {logging_mixin.py:112} INFO - Running %s on host %s <TaskInstance: us_covid_daily_report_pipeline.fetch_covid_daily_deaths 2020-11-15T00:00:00+00:00 [running]> 49d9d1292dd2
[2020-11-21 00:05:34,229] {bash_operator.py:82} INFO - Tmp dir root location: 
 /tmp
[2020-11-21 00:05:34,234] {bash_operator.py:105} INFO - Temporary script location: /tmp/airflowtmpilxuwe76/fetch_covid_daily_deaths83_bc8s7
[2020-11-21 00:05:34,237] {bash_operator.py:115} INFO - Running command: curl -o /opt/airflow/data/death_20201115.json         --request GET 	    --url https://covid1910.p.rapidapi.com/data/confirmed/country/us/date/11-15-2020 	    --header 'x-rapidapi-host: covid1910.p.rapidapi.com' 	    --header 'x-rapidapi-key: None'
[2020-11-21 00:05:34,251] {bash_operator.py:122} INFO - Output:
[2020-11-21 00:05:34,269] {bash_operator.py:126} INFO -   % Total    % Received % Xferd  Average Speed   Time    Time     Time  Current
[2020-11-21 00:05:34,270] {bash_operator.py:126} INFO -                                  Dload  Upload   Total   Spent    Left  Speed
[2020-11-21 00:05:34,456] {bash_operator.py:126} INFO -   0     0    0     0    0     0      0      0 --:--:-- --:--:-- --:--:--     0100    49    0    49    0     0    259      0 --:--:-- --:--:-- --:--:--   259
[2020-11-21 00:05:34,459] {bash_operator.py:130} INFO - Command exited with return code 0
[2020-11-21 00:05:34,501] {taskinstance.py:1065} INFO - Marking task as SUCCESS.dag_id=us_covid_daily_report_pipeline, task_id=fetch_covid_daily_deaths, execution_date=20201115T000000, start_date=20201121T000533, end_date=20201121T000534
[2020-11-21 00:05:43,584] {logging_mixin.py:112} INFO - [2020-11-21 00:05:43,583] {local_task_job.py:103} INFO - Task exited with return code 0
