[2020-11-21 00:09:15,553] {taskinstance.py:669} INFO - Dependencies all met for <TaskInstance: us_covid_daily_report_pipeline.fetch_covid_daily_deaths 2020-11-15T00:00:00+00:00 [queued]>
[2020-11-21 00:09:15,639] {taskinstance.py:669} INFO - Dependencies all met for <TaskInstance: us_covid_daily_report_pipeline.fetch_covid_daily_deaths 2020-11-15T00:00:00+00:00 [queued]>
[2020-11-21 00:09:15,641] {taskinstance.py:879} INFO - 
--------------------------------------------------------------------------------
[2020-11-21 00:09:15,643] {taskinstance.py:880} INFO - Starting attempt 3 of 3
[2020-11-21 00:09:15,645] {taskinstance.py:881} INFO - 
--------------------------------------------------------------------------------
[2020-11-21 00:09:15,709] {taskinstance.py:900} INFO - Executing <Task(BashOperator): fetch_covid_daily_deaths> on 2020-11-15T00:00:00+00:00
[2020-11-21 00:09:15,719] {standard_task_runner.py:53} INFO - Started process 1601 to run task
[2020-11-21 00:09:16,040] {logging_mixin.py:112} INFO - Running %s on host %s <TaskInstance: us_covid_daily_report_pipeline.fetch_covid_daily_deaths 2020-11-15T00:00:00+00:00 [running]> 49d9d1292dd2
[2020-11-21 00:09:16,134] {bash_operator.py:82} INFO - Tmp dir root location: 
 /tmp
[2020-11-21 00:09:16,136] {bash_operator.py:105} INFO - Temporary script location: /tmp/airflowtmpm9z_4lfq/fetch_covid_daily_deathsucxkgy4i
[2020-11-21 00:09:16,138] {bash_operator.py:115} INFO - Running command: curl -o /opt/airflow/data/death_20201115.json         --request GET 	    --url https://covid1910.p.rapidapi.com/data/death/country/us/date/11-15-2020 	    --header 'x-rapidapi-host: covid1910.p.rapidapi.com' 	    --header 'x-rapidapi-key: None'
[2020-11-21 00:09:16,149] {bash_operator.py:122} INFO - Output:
[2020-11-21 00:09:16,162] {bash_operator.py:126} INFO -   % Total    % Received % Xferd  Average Speed   Time    Time     Time  Current
[2020-11-21 00:09:16,164] {bash_operator.py:126} INFO -                                  Dload  Upload   Total   Spent    Left  Speed
[2020-11-21 00:09:16,336] {bash_operator.py:126} INFO -   0     0    0     0    0     0      0      0 --:--:-- --:--:-- --:--:--     0100    49  100    49    0     0    281      0 --:--:-- --:--:-- --:--:--   283
[2020-11-21 00:09:16,340] {bash_operator.py:130} INFO - Command exited with return code 0
[2020-11-21 00:09:16,397] {taskinstance.py:1065} INFO - Marking task as SUCCESS.dag_id=us_covid_daily_report_pipeline, task_id=fetch_covid_daily_deaths, execution_date=20201115T000000, start_date=20201121T000915, end_date=20201121T000916
[2020-11-21 00:09:25,434] {logging_mixin.py:112} INFO - [2020-11-21 00:09:25,434] {local_task_job.py:103} INFO - Task exited with return code 0
