[2020-11-21 00:20:27,192] {taskinstance.py:669} INFO - Dependencies all met for <TaskInstance: us_covid_daily_report_pipeline.fetch_covid_daily_deaths 2020-11-15T00:00:00+00:00 [queued]>
[2020-11-21 00:20:27,258] {taskinstance.py:669} INFO - Dependencies all met for <TaskInstance: us_covid_daily_report_pipeline.fetch_covid_daily_deaths 2020-11-15T00:00:00+00:00 [queued]>
[2020-11-21 00:20:27,260] {taskinstance.py:879} INFO - 
--------------------------------------------------------------------------------
[2020-11-21 00:20:27,261] {taskinstance.py:880} INFO - Starting attempt 4 of 4
[2020-11-21 00:20:27,265] {taskinstance.py:881} INFO - 
--------------------------------------------------------------------------------
[2020-11-21 00:20:27,319] {taskinstance.py:900} INFO - Executing <Task(BashOperator): fetch_covid_daily_deaths> on 2020-11-15T00:00:00+00:00
[2020-11-21 00:20:27,324] {standard_task_runner.py:53} INFO - Started process 4979 to run task
[2020-11-21 00:20:27,579] {logging_mixin.py:112} INFO - Running %s on host %s <TaskInstance: us_covid_daily_report_pipeline.fetch_covid_daily_deaths 2020-11-15T00:00:00+00:00 [running]> 49d9d1292dd2
[2020-11-21 00:20:27,653] {bash_operator.py:82} INFO - Tmp dir root location: 
 /tmp
[2020-11-21 00:20:27,656] {bash_operator.py:105} INFO - Temporary script location: /tmp/airflowtmpaes_wydi/fetch_covid_daily_deathshjx95hth
[2020-11-21 00:20:27,657] {bash_operator.py:115} INFO - Running command: curl -o /opt/airflow/data/death_20201115.json         --request GET 	    --url https://covid1910.p.rapidapi.com/data/death/country/us/date/11-15-2020 	    --header 'x-rapidapi-host: covid1910.p.rapidapi.com' 	    --header 'x-rapidapi-key: None'
[2020-11-21 00:20:27,669] {bash_operator.py:122} INFO - Output:
[2020-11-21 00:20:27,682] {bash_operator.py:126} INFO -   % Total    % Received % Xferd  Average Speed   Time    Time     Time  Current
[2020-11-21 00:20:27,683] {bash_operator.py:126} INFO -                                  Dload  Upload   Total   Spent    Left  Speed
[2020-11-21 00:20:27,783] {bash_operator.py:126} INFO -   0     0    0     0    0     0      0      0 --:--:-- --:--:-- --:--:--     0100    31  100    31    0     0    303      0 --:--:-- --:--:-- --:--:--   303
[2020-11-21 00:20:27,786] {bash_operator.py:130} INFO - Command exited with return code 0
[2020-11-21 00:20:27,815] {taskinstance.py:1065} INFO - Marking task as SUCCESS.dag_id=us_covid_daily_report_pipeline, task_id=fetch_covid_daily_deaths, execution_date=20201115T000000, start_date=20201121T002027, end_date=20201121T002027
[2020-11-21 00:20:37,071] {logging_mixin.py:112} INFO - [2020-11-21 00:20:37,071] {local_task_job.py:103} INFO - Task exited with return code 0
