[2020-12-07 00:12:31,270] {taskinstance.py:669} INFO - Dependencies all met for <TaskInstance: us_covid_daily_report_pipeline.fetch_covid_us_data 2020-12-06T00:00:00+00:00 [queued]>
[2020-12-07 00:12:31,307] {taskinstance.py:669} INFO - Dependencies all met for <TaskInstance: us_covid_daily_report_pipeline.fetch_covid_us_data 2020-12-06T00:00:00+00:00 [queued]>
[2020-12-07 00:12:31,308] {taskinstance.py:879} INFO - 
--------------------------------------------------------------------------------
[2020-12-07 00:12:31,308] {taskinstance.py:880} INFO - Starting attempt 1 of 1
[2020-12-07 00:12:31,309] {taskinstance.py:881} INFO - 
--------------------------------------------------------------------------------
[2020-12-07 00:12:31,331] {taskinstance.py:900} INFO - Executing <Task(BashOperator): fetch_covid_us_data> on 2020-12-06T00:00:00+00:00
[2020-12-07 00:12:31,336] {standard_task_runner.py:53} INFO - Started process 11350 to run task
[2020-12-07 00:12:31,444] {logging_mixin.py:112} INFO - Running %s on host %s <TaskInstance: us_covid_daily_report_pipeline.fetch_covid_us_data 2020-12-06T00:00:00+00:00 [running]> 0d17e5047b06
[2020-12-07 00:12:31,499] {bash_operator.py:82} INFO - Tmp dir root location: 
 /tmp
[2020-12-07 00:12:31,501] {bash_operator.py:105} INFO - Temporary script location: /tmp/airflowtmpng_gd9k9/fetch_covid_us_datacu8xbztv
[2020-12-07 00:12:31,502] {bash_operator.py:115} INFO - Running command: curl -o /opt/airflow/data/20201206.json         --request GET 	    --url https://api.covidtracking.com/v1/us/20201206.json
[2020-12-07 00:12:31,512] {bash_operator.py:122} INFO - Output:
[2020-12-07 00:12:31,521] {bash_operator.py:126} INFO -   % Total    % Received % Xferd  Average Speed   Time    Time     Time  Current
[2020-12-07 00:12:31,522] {bash_operator.py:126} INFO -                                  Dload  Upload   Total   Spent    Left  Speed
[2020-12-07 00:12:31,588] {bash_operator.py:126} INFO -   0     0    0     0    0     0      0      0 --:--:-- --:--:-- --:--:--     0100   625  100   625    0     0   9615      0 --:--:-- --:--:-- --:--:--  9615
[2020-12-07 00:12:31,593] {bash_operator.py:130} INFO - Command exited with return code 0
[2020-12-07 00:12:31,623] {taskinstance.py:1065} INFO - Marking task as SUCCESS.dag_id=us_covid_daily_report_pipeline, task_id=fetch_covid_us_data, execution_date=20201206T000000, start_date=20201207T001231, end_date=20201207T001231
[2020-12-07 00:12:41,327] {logging_mixin.py:112} INFO - [2020-12-07 00:12:41,324] {local_task_job.py:103} INFO - Task exited with return code 0
