[2020-11-19 04:59:38,540] {dag_processing.py:839} INFO - Processing files using up to 1 processes at a time 
[2020-11-19 04:59:38,541] {dag_processing.py:840} INFO - Process each file at most once every 0 seconds
[2020-11-19 04:59:38,543] {dag_processing.py:842} INFO - Checking for new files in /opt/airflow/dags every 300 seconds
[2020-11-19 04:59:38,546] {dag_processing.py:1312} INFO - Finding 'running' jobs without a recent heartbeat
[2020-11-19 04:59:38,549] {dag_processing.py:1316} INFO - Failing jobs without heartbeat after 2020-11-19 04:54:38.549452+00:00
[2020-11-19 04:59:50,508] {dag_processing.py:1312} INFO - Finding 'running' jobs without a recent heartbeat
[2020-11-19 04:59:50,511] {dag_processing.py:1316} INFO - Failing jobs without heartbeat after 2020-11-19 04:54:50.511050+00:00
[2020-11-19 05:00:02,518] {dag_processing.py:1312} INFO - Finding 'running' jobs without a recent heartbeat
[2020-11-19 05:00:02,521] {dag_processing.py:1316} INFO - Failing jobs without heartbeat after 2020-11-19 04:55:02.520974+00:00
[2020-11-19 05:00:12,802] {dag_processing.py:1312} INFO - Finding 'running' jobs without a recent heartbeat
[2020-11-19 05:00:12,805] {dag_processing.py:1316} INFO - Failing jobs without heartbeat after 2020-11-19 04:55:12.805796+00:00
[2020-11-19 05:00:24,807] {dag_processing.py:1312} INFO - Finding 'running' jobs without a recent heartbeat
[2020-11-19 05:00:24,810] {dag_processing.py:1316} INFO - Failing jobs without heartbeat after 2020-11-19 04:55:24.810522+00:00
[2020-11-19 05:00:36,797] {dag_processing.py:1312} INFO - Finding 'running' jobs without a recent heartbeat
[2020-11-19 05:00:36,800] {dag_processing.py:1316} INFO - Failing jobs without heartbeat after 2020-11-19 04:55:36.799986+00:00
[2020-11-19 05:01:15,550] {dag_processing.py:839} INFO - Processing files using up to 1 processes at a time 
[2020-11-19 05:01:15,551] {dag_processing.py:840} INFO - Process each file at most once every 0 seconds
[2020-11-19 05:01:15,553] {dag_processing.py:842} INFO - Checking for new files in /opt/airflow/dags every 300 seconds
[2020-11-19 05:01:15,555] {dag_processing.py:1312} INFO - Finding 'running' jobs without a recent heartbeat
[2020-11-19 05:01:15,556] {dag_processing.py:1316} INFO - Failing jobs without heartbeat after 2020-11-19 04:56:15.556338+00:00
[2020-11-19 05:01:27,535] {dag_processing.py:1312} INFO - Finding 'running' jobs without a recent heartbeat
[2020-11-19 05:01:27,543] {dag_processing.py:1316} INFO - Failing jobs without heartbeat after 2020-11-19 04:56:27.543246+00:00
[2020-11-19 05:01:39,506] {dag_processing.py:1312} INFO - Finding 'running' jobs without a recent heartbeat
[2020-11-19 05:01:39,508] {dag_processing.py:1316} INFO - Failing jobs without heartbeat after 2020-11-19 04:56:39.508300+00:00
[2020-11-19 05:02:12,002] {dag_processing.py:839} INFO - Processing files using up to 1 processes at a time 
[2020-11-19 05:02:12,003] {dag_processing.py:840} INFO - Process each file at most once every 0 seconds
[2020-11-19 05:02:12,005] {dag_processing.py:842} INFO - Checking for new files in /opt/airflow/dags every 300 seconds
[2020-11-19 05:02:12,007] {dag_processing.py:1312} INFO - Finding 'running' jobs without a recent heartbeat
[2020-11-19 05:02:12,008] {dag_processing.py:1316} INFO - Failing jobs without heartbeat after 2020-11-19 04:57:12.008742+00:00
[2020-11-19 05:02:23,983] {dag_processing.py:1312} INFO - Finding 'running' jobs without a recent heartbeat
[2020-11-19 05:02:23,987] {dag_processing.py:1316} INFO - Failing jobs without heartbeat after 2020-11-19 04:57:23.987266+00:00
[2020-11-19 05:02:34,148] {dag_processing.py:1312} INFO - Finding 'running' jobs without a recent heartbeat
[2020-11-19 05:02:34,151] {dag_processing.py:1316} INFO - Failing jobs without heartbeat after 2020-11-19 04:57:34.151062+00:00
[2020-11-19 05:02:46,119] {dag_processing.py:1312} INFO - Finding 'running' jobs without a recent heartbeat
[2020-11-19 05:02:46,122] {dag_processing.py:1316} INFO - Failing jobs without heartbeat after 2020-11-19 04:57:46.122607+00:00
[2020-11-19 05:02:58,125] {dag_processing.py:1312} INFO - Finding 'running' jobs without a recent heartbeat
[2020-11-19 05:02:58,128] {dag_processing.py:1316} INFO - Failing jobs without heartbeat after 2020-11-19 04:57:58.128786+00:00
[2020-11-19 05:03:10,096] {dag_processing.py:1312} INFO - Finding 'running' jobs without a recent heartbeat
[2020-11-19 05:03:10,100] {dag_processing.py:1316} INFO - Failing jobs without heartbeat after 2020-11-19 04:58:10.100540+00:00
[2020-11-19 05:03:22,102] {dag_processing.py:1312} INFO - Finding 'running' jobs without a recent heartbeat
[2020-11-19 05:03:22,105] {dag_processing.py:1316} INFO - Failing jobs without heartbeat after 2020-11-19 04:58:22.105675+00:00
[2020-11-19 05:03:34,107] {dag_processing.py:1312} INFO - Finding 'running' jobs without a recent heartbeat
[2020-11-19 05:03:34,109] {dag_processing.py:1316} INFO - Failing jobs without heartbeat after 2020-11-19 04:58:34.109844+00:00
[2020-11-19 05:03:47,533] {dag_processing.py:839} INFO - Processing files using up to 1 processes at a time 
[2020-11-19 05:03:47,534] {dag_processing.py:840} INFO - Process each file at most once every 0 seconds
[2020-11-19 05:03:47,536] {dag_processing.py:842} INFO - Checking for new files in /opt/airflow/dags every 300 seconds
[2020-11-19 05:03:47,539] {dag_processing.py:1312} INFO - Finding 'running' jobs without a recent heartbeat
[2020-11-19 05:03:47,540] {dag_processing.py:1316} INFO - Failing jobs without heartbeat after 2020-11-19 04:58:47.540566+00:00
[2020-11-19 05:03:59,514] {dag_processing.py:1312} INFO - Finding 'running' jobs without a recent heartbeat
[2020-11-19 05:03:59,516] {dag_processing.py:1316} INFO - Failing jobs without heartbeat after 2020-11-19 04:58:59.516058+00:00
[2020-11-19 05:04:09,793] {dag_processing.py:1312} INFO - Finding 'running' jobs without a recent heartbeat
[2020-11-19 05:04:09,797] {dag_processing.py:1316} INFO - Failing jobs without heartbeat after 2020-11-19 04:59:09.796958+00:00
[2020-11-19 05:04:21,798] {dag_processing.py:1312} INFO - Finding 'running' jobs without a recent heartbeat
[2020-11-19 05:04:21,801] {dag_processing.py:1316} INFO - Failing jobs without heartbeat after 2020-11-19 04:59:21.801869+00:00
[2020-11-19 05:04:33,803] {dag_processing.py:1312} INFO - Finding 'running' jobs without a recent heartbeat
[2020-11-19 05:04:33,806] {dag_processing.py:1316} INFO - Failing jobs without heartbeat after 2020-11-19 04:59:33.806403+00:00
[2020-11-19 05:04:45,774] {dag_processing.py:1312} INFO - Finding 'running' jobs without a recent heartbeat
[2020-11-19 05:04:45,776] {dag_processing.py:1316} INFO - Failing jobs without heartbeat after 2020-11-19 04:59:45.776714+00:00
[2020-11-19 05:04:57,776] {dag_processing.py:1312} INFO - Finding 'running' jobs without a recent heartbeat
[2020-11-19 05:04:57,778] {dag_processing.py:1316} INFO - Failing jobs without heartbeat after 2020-11-19 04:59:57.778636+00:00
[2020-11-19 05:05:09,748] {dag_processing.py:1312} INFO - Finding 'running' jobs without a recent heartbeat
[2020-11-19 05:05:09,751] {dag_processing.py:1316} INFO - Failing jobs without heartbeat after 2020-11-19 05:00:09.751211+00:00
[2020-11-19 05:05:20,011] {dag_processing.py:1312} INFO - Finding 'running' jobs without a recent heartbeat
[2020-11-19 05:05:20,013] {dag_processing.py:1316} INFO - Failing jobs without heartbeat after 2020-11-19 05:00:20.013300+00:00
[2020-11-19 05:05:32,016] {dag_processing.py:1312} INFO - Finding 'running' jobs without a recent heartbeat
[2020-11-19 05:05:32,018] {dag_processing.py:1316} INFO - Failing jobs without heartbeat after 2020-11-19 05:00:32.018465+00:00
[2020-11-19 05:05:43,986] {dag_processing.py:1312} INFO - Finding 'running' jobs without a recent heartbeat
[2020-11-19 05:05:43,989] {dag_processing.py:1316} INFO - Failing jobs without heartbeat after 2020-11-19 05:00:43.989520+00:00
[2020-11-19 05:05:53,998] {dag_processing.py:1312} INFO - Finding 'running' jobs without a recent heartbeat
[2020-11-19 05:05:54,000] {dag_processing.py:1316} INFO - Failing jobs without heartbeat after 2020-11-19 05:00:53.999978+00:00
[2020-11-19 05:06:05,963] {dag_processing.py:1312} INFO - Finding 'running' jobs without a recent heartbeat
[2020-11-19 05:06:05,965] {dag_processing.py:1316} INFO - Failing jobs without heartbeat after 2020-11-19 05:01:05.965753+00:00
[2020-11-19 05:06:17,968] {dag_processing.py:1312} INFO - Finding 'running' jobs without a recent heartbeat
[2020-11-19 05:06:17,971] {dag_processing.py:1316} INFO - Failing jobs without heartbeat after 2020-11-19 05:01:17.971682+00:00
[2020-11-19 05:06:29,974] {dag_processing.py:1312} INFO - Finding 'running' jobs without a recent heartbeat
[2020-11-19 05:06:29,976] {dag_processing.py:1316} INFO - Failing jobs without heartbeat after 2020-11-19 05:01:29.976803+00:00
[2020-11-19 05:07:12,018] {dag_processing.py:839} INFO - Processing files using up to 1 processes at a time 
[2020-11-19 05:07:12,019] {dag_processing.py:840} INFO - Process each file at most once every 0 seconds
[2020-11-19 05:07:12,021] {dag_processing.py:842} INFO - Checking for new files in /opt/airflow/dags every 300 seconds
[2020-11-19 05:07:12,024] {dag_processing.py:1312} INFO - Finding 'running' jobs without a recent heartbeat
[2020-11-19 05:07:12,025] {dag_processing.py:1316} INFO - Failing jobs without heartbeat after 2020-11-19 05:02:12.025760+00:00
[2020-11-19 05:07:24,001] {dag_processing.py:1312} INFO - Finding 'running' jobs without a recent heartbeat
[2020-11-19 05:07:24,004] {dag_processing.py:1316} INFO - Failing jobs without heartbeat after 2020-11-19 05:02:24.004465+00:00
[2020-11-19 05:07:34,149] {dag_processing.py:1312} INFO - Finding 'running' jobs without a recent heartbeat
[2020-11-19 05:07:34,152] {dag_processing.py:1316} INFO - Failing jobs without heartbeat after 2020-11-19 05:02:34.152027+00:00
[2020-11-19 05:07:46,157] {dag_processing.py:1312} INFO - Finding 'running' jobs without a recent heartbeat
[2020-11-19 05:07:46,159] {dag_processing.py:1316} INFO - Failing jobs without heartbeat after 2020-11-19 05:02:46.159754+00:00
[2020-11-19 05:07:58,160] {dag_processing.py:1312} INFO - Finding 'running' jobs without a recent heartbeat
[2020-11-19 05:07:58,163] {dag_processing.py:1316} INFO - Failing jobs without heartbeat after 2020-11-19 05:02:58.163475+00:00
[2020-11-19 05:08:10,130] {dag_processing.py:1312} INFO - Finding 'running' jobs without a recent heartbeat
[2020-11-19 05:08:10,133] {dag_processing.py:1316} INFO - Failing jobs without heartbeat after 2020-11-19 05:03:10.133362+00:00
[2020-11-19 05:08:22,136] {dag_processing.py:1312} INFO - Finding 'running' jobs without a recent heartbeat
[2020-11-19 05:08:22,139] {dag_processing.py:1316} INFO - Failing jobs without heartbeat after 2020-11-19 05:03:22.139193+00:00
[2020-11-19 05:08:34,107] {dag_processing.py:1312} INFO - Finding 'running' jobs without a recent heartbeat
[2020-11-19 05:08:34,109] {dag_processing.py:1316} INFO - Failing jobs without heartbeat after 2020-11-19 05:03:34.109270+00:00
[2020-11-19 05:08:44,127] {dag_processing.py:1312} INFO - Finding 'running' jobs without a recent heartbeat
[2020-11-19 05:08:44,130] {dag_processing.py:1316} INFO - Failing jobs without heartbeat after 2020-11-19 05:03:44.129901+00:00
[2020-11-19 05:08:56,133] {dag_processing.py:1312} INFO - Finding 'running' jobs without a recent heartbeat
[2020-11-19 05:08:56,136] {dag_processing.py:1316} INFO - Failing jobs without heartbeat after 2020-11-19 05:03:56.136331+00:00
[2020-11-19 05:09:08,103] {dag_processing.py:1312} INFO - Finding 'running' jobs without a recent heartbeat
[2020-11-19 05:09:08,105] {dag_processing.py:1316} INFO - Failing jobs without heartbeat after 2020-11-19 05:04:08.105750+00:00
[2020-11-19 05:09:18,114] {dag_processing.py:1312} INFO - Finding 'running' jobs without a recent heartbeat
[2020-11-19 05:09:18,116] {dag_processing.py:1316} INFO - Failing jobs without heartbeat after 2020-11-19 05:04:18.116489+00:00
[2020-11-19 05:09:30,120] {dag_processing.py:1312} INFO - Finding 'running' jobs without a recent heartbeat
[2020-11-19 05:09:30,122] {dag_processing.py:1316} INFO - Failing jobs without heartbeat after 2020-11-19 05:04:30.122478+00:00
[2020-11-19 05:09:42,086] {dag_processing.py:1312} INFO - Finding 'running' jobs without a recent heartbeat
[2020-11-19 05:09:42,090] {dag_processing.py:1316} INFO - Failing jobs without heartbeat after 2020-11-19 05:04:42.090507+00:00
[2020-11-19 05:09:52,238] {dag_processing.py:1312} INFO - Finding 'running' jobs without a recent heartbeat
[2020-11-19 05:09:52,241] {dag_processing.py:1316} INFO - Failing jobs without heartbeat after 2020-11-19 05:04:52.241331+00:00
[2020-11-19 05:10:04,209] {dag_processing.py:1312} INFO - Finding 'running' jobs without a recent heartbeat
[2020-11-19 05:10:04,212] {dag_processing.py:1316} INFO - Failing jobs without heartbeat after 2020-11-19 05:05:04.212134+00:00
[2020-11-19 05:10:16,215] {dag_processing.py:1312} INFO - Finding 'running' jobs without a recent heartbeat
[2020-11-19 05:10:16,218] {dag_processing.py:1316} INFO - Failing jobs without heartbeat after 2020-11-19 05:05:16.218605+00:00
[2020-11-19 05:10:28,220] {dag_processing.py:1312} INFO - Finding 'running' jobs without a recent heartbeat
[2020-11-19 05:10:28,223] {dag_processing.py:1316} INFO - Failing jobs without heartbeat after 2020-11-19 05:05:28.223462+00:00
[2020-11-19 05:10:40,191] {dag_processing.py:1312} INFO - Finding 'running' jobs without a recent heartbeat
[2020-11-19 05:10:40,194] {dag_processing.py:1316} INFO - Failing jobs without heartbeat after 2020-11-19 05:05:40.194091+00:00
[2020-11-19 05:10:52,197] {dag_processing.py:1312} INFO - Finding 'running' jobs without a recent heartbeat
[2020-11-19 05:10:52,201] {dag_processing.py:1316} INFO - Failing jobs without heartbeat after 2020-11-19 05:05:52.201067+00:00
[2020-11-19 05:11:04,190] {dag_processing.py:1312} INFO - Finding 'running' jobs without a recent heartbeat
[2020-11-19 05:11:04,193] {dag_processing.py:1316} INFO - Failing jobs without heartbeat after 2020-11-19 05:06:04.193582+00:00
[2020-11-19 05:11:16,197] {dag_processing.py:1312} INFO - Finding 'running' jobs without a recent heartbeat
[2020-11-19 05:11:16,200] {dag_processing.py:1316} INFO - Failing jobs without heartbeat after 2020-11-19 05:06:16.200334+00:00
[2020-11-19 05:11:28,203] {dag_processing.py:1312} INFO - Finding 'running' jobs without a recent heartbeat
[2020-11-19 05:11:28,206] {dag_processing.py:1316} INFO - Failing jobs without heartbeat after 2020-11-19 05:06:28.206170+00:00
[2020-11-19 05:11:40,174] {dag_processing.py:1312} INFO - Finding 'running' jobs without a recent heartbeat
[2020-11-19 05:11:40,176] {dag_processing.py:1316} INFO - Failing jobs without heartbeat after 2020-11-19 05:06:40.176802+00:00
[2020-11-19 05:11:52,180] {dag_processing.py:1312} INFO - Finding 'running' jobs without a recent heartbeat
[2020-11-19 05:11:52,183] {dag_processing.py:1316} INFO - Failing jobs without heartbeat after 2020-11-19 05:06:52.183125+00:00
[2020-11-19 05:12:04,150] {dag_processing.py:1312} INFO - Finding 'running' jobs without a recent heartbeat
[2020-11-19 05:12:04,153] {dag_processing.py:1316} INFO - Failing jobs without heartbeat after 2020-11-19 05:07:04.153480+00:00
[2020-11-19 05:12:12,408] {dag_processing.py:939} INFO - Searching for files in /opt/airflow/dags
[2020-11-19 05:12:12,418] {dag_processing.py:942} INFO - There are 0 files in /opt/airflow/dags
[2020-11-19 05:12:14,410] {dag_processing.py:1312} INFO - Finding 'running' jobs without a recent heartbeat
[2020-11-19 05:12:14,413] {dag_processing.py:1316} INFO - Failing jobs without heartbeat after 2020-11-19 05:07:14.412897+00:00
[2020-11-19 05:12:26,415] {dag_processing.py:1312} INFO - Finding 'running' jobs without a recent heartbeat
[2020-11-19 05:12:26,418] {dag_processing.py:1316} INFO - Failing jobs without heartbeat after 2020-11-19 05:07:26.418444+00:00
[2020-11-19 05:12:38,385] {dag_processing.py:1312} INFO - Finding 'running' jobs without a recent heartbeat
[2020-11-19 05:12:38,388] {dag_processing.py:1316} INFO - Failing jobs without heartbeat after 2020-11-19 05:07:38.388476+00:00
[2020-11-19 05:12:50,390] {dag_processing.py:1312} INFO - Finding 'running' jobs without a recent heartbeat
[2020-11-19 05:12:50,393] {dag_processing.py:1316} INFO - Failing jobs without heartbeat after 2020-11-19 05:07:50.393478+00:00
[2020-11-19 05:13:00,400] {dag_processing.py:1312} INFO - Finding 'running' jobs without a recent heartbeat
[2020-11-19 05:13:00,402] {dag_processing.py:1316} INFO - Failing jobs without heartbeat after 2020-11-19 05:08:00.402315+00:00
[2020-11-19 05:13:12,364] {dag_processing.py:1312} INFO - Finding 'running' jobs without a recent heartbeat
[2020-11-19 05:13:12,366] {dag_processing.py:1316} INFO - Failing jobs without heartbeat after 2020-11-19 05:08:12.366274+00:00
[2020-11-19 05:13:24,369] {dag_processing.py:1312} INFO - Finding 'running' jobs without a recent heartbeat
[2020-11-19 05:13:24,371] {dag_processing.py:1316} INFO - Failing jobs without heartbeat after 2020-11-19 05:08:24.371546+00:00
[2020-11-19 05:13:36,339] {dag_processing.py:1312} INFO - Finding 'running' jobs without a recent heartbeat
[2020-11-19 05:13:36,342] {dag_processing.py:1316} INFO - Failing jobs without heartbeat after 2020-11-19 05:08:36.342266+00:00
[2020-11-19 05:13:48,344] {dag_processing.py:1312} INFO - Finding 'running' jobs without a recent heartbeat
[2020-11-19 05:13:48,347] {dag_processing.py:1316} INFO - Failing jobs without heartbeat after 2020-11-19 05:08:48.347513+00:00
[2020-11-19 05:14:00,348] {dag_processing.py:1312} INFO - Finding 'running' jobs without a recent heartbeat
[2020-11-19 05:14:00,356] {dag_processing.py:1316} INFO - Failing jobs without heartbeat after 2020-11-19 05:09:00.356569+00:00
[2020-11-19 05:14:12,319] {dag_processing.py:1312} INFO - Finding 'running' jobs without a recent heartbeat
[2020-11-19 05:14:12,327] {dag_processing.py:1316} INFO - Failing jobs without heartbeat after 2020-11-19 05:09:12.327192+00:00
[2020-11-19 05:14:22,528] {dag_processing.py:1312} INFO - Finding 'running' jobs without a recent heartbeat
[2020-11-19 05:14:22,532] {dag_processing.py:1316} INFO - Failing jobs without heartbeat after 2020-11-19 05:09:22.532391+00:00
[2020-11-19 05:14:34,497] {dag_processing.py:1312} INFO - Finding 'running' jobs without a recent heartbeat
[2020-11-19 05:14:34,500] {dag_processing.py:1316} INFO - Failing jobs without heartbeat after 2020-11-19 05:09:34.500219+00:00
[2020-11-19 05:14:46,503] {dag_processing.py:1312} INFO - Finding 'running' jobs without a recent heartbeat
[2020-11-19 05:14:46,507] {dag_processing.py:1316} INFO - Failing jobs without heartbeat after 2020-11-19 05:09:46.506905+00:00
[2020-11-19 05:14:58,508] {dag_processing.py:1312} INFO - Finding 'running' jobs without a recent heartbeat
[2020-11-19 05:14:58,511] {dag_processing.py:1316} INFO - Failing jobs without heartbeat after 2020-11-19 05:09:58.511917+00:00
[2020-11-19 05:15:10,478] {dag_processing.py:1312} INFO - Finding 'running' jobs without a recent heartbeat
[2020-11-19 05:15:10,482] {dag_processing.py:1316} INFO - Failing jobs without heartbeat after 2020-11-19 05:10:10.482254+00:00
[2020-11-19 05:15:22,484] {dag_processing.py:1312} INFO - Finding 'running' jobs without a recent heartbeat
[2020-11-19 05:15:22,487] {dag_processing.py:1316} INFO - Failing jobs without heartbeat after 2020-11-19 05:10:22.487629+00:00
[2020-11-19 05:15:32,901] {dag_processing.py:1312} INFO - Finding 'running' jobs without a recent heartbeat
[2020-11-19 05:15:32,903] {dag_processing.py:1316} INFO - Failing jobs without heartbeat after 2020-11-19 05:10:32.903807+00:00
[2020-11-19 05:15:44,871] {dag_processing.py:1312} INFO - Finding 'running' jobs without a recent heartbeat
[2020-11-19 05:15:44,873] {dag_processing.py:1316} INFO - Failing jobs without heartbeat after 2020-11-19 05:10:44.873530+00:00
[2020-11-19 05:15:54,880] {dag_processing.py:1312} INFO - Finding 'running' jobs without a recent heartbeat
[2020-11-19 05:15:54,882] {dag_processing.py:1316} INFO - Failing jobs without heartbeat after 2020-11-19 05:10:54.882483+00:00
[2020-11-19 05:16:06,844] {dag_processing.py:1312} INFO - Finding 'running' jobs without a recent heartbeat
[2020-11-19 05:16:06,847] {dag_processing.py:1316} INFO - Failing jobs without heartbeat after 2020-11-19 05:11:06.847409+00:00
[2020-11-19 05:16:18,850] {dag_processing.py:1312} INFO - Finding 'running' jobs without a recent heartbeat
[2020-11-19 05:16:18,853] {dag_processing.py:1316} INFO - Failing jobs without heartbeat after 2020-11-19 05:11:18.853248+00:00
[2020-11-19 05:16:30,856] {dag_processing.py:1312} INFO - Finding 'running' jobs without a recent heartbeat
[2020-11-19 05:16:30,859] {dag_processing.py:1316} INFO - Failing jobs without heartbeat after 2020-11-19 05:11:30.859771+00:00
[2020-11-19 05:16:42,827] {dag_processing.py:1312} INFO - Finding 'running' jobs without a recent heartbeat
[2020-11-19 05:16:42,830] {dag_processing.py:1316} INFO - Failing jobs without heartbeat after 2020-11-19 05:11:42.830692+00:00
[2020-11-19 05:16:54,838] {dag_processing.py:1312} INFO - Finding 'running' jobs without a recent heartbeat
[2020-11-19 05:16:54,840] {dag_processing.py:1316} INFO - Failing jobs without heartbeat after 2020-11-19 05:11:54.840758+00:00
[2020-11-19 05:17:05,991] {dag_processing.py:1312} INFO - Finding 'running' jobs without a recent heartbeat
[2020-11-19 05:17:05,993] {dag_processing.py:1316} INFO - Failing jobs without heartbeat after 2020-11-19 05:12:05.993591+00:00
[2020-11-19 05:17:14,000] {dag_processing.py:939} INFO - Searching for files in /opt/airflow/dags
[2020-11-19 05:17:14,003] {dag_processing.py:942} INFO - There are 0 files in /opt/airflow/dags
[2020-11-19 05:17:17,996] {dag_processing.py:1312} INFO - Finding 'running' jobs without a recent heartbeat
[2020-11-19 05:17:18,000] {dag_processing.py:1316} INFO - Failing jobs without heartbeat after 2020-11-19 05:12:18.000072+00:00
[2020-11-19 05:17:30,001] {dag_processing.py:1312} INFO - Finding 'running' jobs without a recent heartbeat
[2020-11-19 05:17:30,003] {dag_processing.py:1316} INFO - Failing jobs without heartbeat after 2020-11-19 05:12:30.003658+00:00
[2020-11-19 05:17:41,971] {dag_processing.py:1312} INFO - Finding 'running' jobs without a recent heartbeat
[2020-11-19 05:17:41,974] {dag_processing.py:1316} INFO - Failing jobs without heartbeat after 2020-11-19 05:12:41.974804+00:00
[2020-11-19 05:17:53,977] {dag_processing.py:1312} INFO - Finding 'running' jobs without a recent heartbeat
[2020-11-19 05:17:53,979] {dag_processing.py:1316} INFO - Failing jobs without heartbeat after 2020-11-19 05:12:53.979650+00:00
[2020-11-19 05:18:06,056] {dag_processing.py:1312} INFO - Finding 'running' jobs without a recent heartbeat
[2020-11-19 05:18:06,058] {dag_processing.py:1316} INFO - Failing jobs without heartbeat after 2020-11-19 05:13:06.058723+00:00
[2020-11-19 05:18:18,062] {dag_processing.py:1312} INFO - Finding 'running' jobs without a recent heartbeat
[2020-11-19 05:18:18,069] {dag_processing.py:1316} INFO - Failing jobs without heartbeat after 2020-11-19 05:13:18.069188+00:00
[2020-11-19 05:18:30,068] {dag_processing.py:1312} INFO - Finding 'running' jobs without a recent heartbeat
[2020-11-19 05:18:30,071] {dag_processing.py:1316} INFO - Failing jobs without heartbeat after 2020-11-19 05:13:30.071405+00:00
[2020-11-19 05:18:42,039] {dag_processing.py:1312} INFO - Finding 'running' jobs without a recent heartbeat
[2020-11-19 05:18:42,041] {dag_processing.py:1316} INFO - Failing jobs without heartbeat after 2020-11-19 05:13:42.041848+00:00
[2020-11-19 05:18:54,043] {dag_processing.py:1312} INFO - Finding 'running' jobs without a recent heartbeat
[2020-11-19 05:18:54,046] {dag_processing.py:1316} INFO - Failing jobs without heartbeat after 2020-11-19 05:13:54.046001+00:00
[2020-11-19 05:19:06,014] {dag_processing.py:1312} INFO - Finding 'running' jobs without a recent heartbeat
[2020-11-19 05:19:06,016] {dag_processing.py:1316} INFO - Failing jobs without heartbeat after 2020-11-19 05:14:06.016781+00:00
[2020-11-19 05:19:18,019] {dag_processing.py:1312} INFO - Finding 'running' jobs without a recent heartbeat
[2020-11-19 05:19:18,022] {dag_processing.py:1316} INFO - Failing jobs without heartbeat after 2020-11-19 05:14:18.022088+00:00
[2020-11-19 05:19:30,025] {dag_processing.py:1312} INFO - Finding 'running' jobs without a recent heartbeat
[2020-11-19 05:19:30,028] {dag_processing.py:1316} INFO - Failing jobs without heartbeat after 2020-11-19 05:14:30.028095+00:00
[2020-11-19 05:19:41,996] {dag_processing.py:1312} INFO - Finding 'running' jobs without a recent heartbeat
[2020-11-19 05:19:41,998] {dag_processing.py:1316} INFO - Failing jobs without heartbeat after 2020-11-19 05:14:41.998760+00:00
[2020-11-19 05:19:54,000] {dag_processing.py:1312} INFO - Finding 'running' jobs without a recent heartbeat
[2020-11-19 05:19:54,002] {dag_processing.py:1316} INFO - Failing jobs without heartbeat after 2020-11-19 05:14:54.002752+00:00
[2020-11-19 05:20:04,238] {dag_processing.py:1312} INFO - Finding 'running' jobs without a recent heartbeat
[2020-11-19 05:20:04,241] {dag_processing.py:1316} INFO - Failing jobs without heartbeat after 2020-11-19 05:15:04.241762+00:00
[2020-11-19 05:20:16,244] {dag_processing.py:1312} INFO - Finding 'running' jobs without a recent heartbeat
[2020-11-19 05:20:16,246] {dag_processing.py:1316} INFO - Failing jobs without heartbeat after 2020-11-19 05:15:16.246445+00:00
[2020-11-19 05:20:26,252] {dag_processing.py:1312} INFO - Finding 'running' jobs without a recent heartbeat
[2020-11-19 05:20:26,253] {dag_processing.py:1316} INFO - Failing jobs without heartbeat after 2020-11-19 05:15:26.253929+00:00
[2020-11-19 05:20:38,219] {dag_processing.py:1312} INFO - Finding 'running' jobs without a recent heartbeat
[2020-11-19 05:20:38,226] {dag_processing.py:1316} INFO - Failing jobs without heartbeat after 2020-11-19 05:15:38.226308+00:00
[2020-11-19 05:20:50,224] {dag_processing.py:1312} INFO - Finding 'running' jobs without a recent heartbeat
[2020-11-19 05:20:50,231] {dag_processing.py:1316} INFO - Failing jobs without heartbeat after 2020-11-19 05:15:50.231069+00:00
[2020-11-19 05:21:02,233] {dag_processing.py:1312} INFO - Finding 'running' jobs without a recent heartbeat
[2020-11-19 05:21:02,236] {dag_processing.py:1316} INFO - Failing jobs without heartbeat after 2020-11-19 05:16:02.236029+00:00
[2020-11-19 05:21:14,199] {dag_processing.py:1312} INFO - Finding 'running' jobs without a recent heartbeat
[2020-11-19 05:21:14,202] {dag_processing.py:1316} INFO - Failing jobs without heartbeat after 2020-11-19 05:16:14.202184+00:00
[2020-11-19 05:21:26,206] {dag_processing.py:1312} INFO - Finding 'running' jobs without a recent heartbeat
[2020-11-19 05:21:26,208] {dag_processing.py:1316} INFO - Failing jobs without heartbeat after 2020-11-19 05:16:26.208731+00:00
[2020-11-19 06:20:10,755] {dag_processing.py:821} INFO - Processing files using up to 2 processes at a time 
[2020-11-19 06:20:10,757] {dag_processing.py:822} INFO - Process each file at most once every 0 seconds
[2020-11-19 06:20:10,759] {dag_processing.py:824} INFO - Checking for new files in /opt/airflow/dags every 300 seconds
[2020-11-19 06:20:10,761] {dag_processing.py:1296} INFO - Finding 'running' jobs without a recent heartbeat
[2020-11-19 06:20:10,763] {dag_processing.py:1300} INFO - Failing jobs without heartbeat after 2020-11-19 06:15:10.763364+00:00
[2020-11-19 06:20:20,830] {dag_processing.py:1296} INFO - Finding 'running' jobs without a recent heartbeat
[2020-11-19 06:20:20,833] {dag_processing.py:1300} INFO - Failing jobs without heartbeat after 2020-11-19 06:15:20.833698+00:00
[2020-11-19 06:20:30,855] {dag_processing.py:1296} INFO - Finding 'running' jobs without a recent heartbeat
[2020-11-19 06:20:30,858] {dag_processing.py:1300} INFO - Failing jobs without heartbeat after 2020-11-19 06:15:30.858513+00:00
[2020-11-19 06:20:40,882] {dag_processing.py:1296} INFO - Finding 'running' jobs without a recent heartbeat
[2020-11-19 06:20:40,885] {dag_processing.py:1300} INFO - Failing jobs without heartbeat after 2020-11-19 06:15:40.884973+00:00
[2020-11-19 06:20:50,908] {dag_processing.py:1296} INFO - Finding 'running' jobs without a recent heartbeat
[2020-11-19 06:20:50,911] {dag_processing.py:1300} INFO - Failing jobs without heartbeat after 2020-11-19 06:15:50.911253+00:00
[2020-11-19 06:21:00,935] {dag_processing.py:1296} INFO - Finding 'running' jobs without a recent heartbeat
[2020-11-19 06:21:00,938] {dag_processing.py:1300} INFO - Failing jobs without heartbeat after 2020-11-19 06:16:00.938558+00:00
[2020-11-19 06:21:10,961] {dag_processing.py:1296} INFO - Finding 'running' jobs without a recent heartbeat
[2020-11-19 06:21:10,964] {dag_processing.py:1300} INFO - Failing jobs without heartbeat after 2020-11-19 06:16:10.964676+00:00
[2020-11-19 06:21:20,986] {dag_processing.py:1296} INFO - Finding 'running' jobs without a recent heartbeat
[2020-11-19 06:21:20,989] {dag_processing.py:1300} INFO - Failing jobs without heartbeat after 2020-11-19 06:16:20.989512+00:00
[2020-11-19 06:21:31,014] {dag_processing.py:1296} INFO - Finding 'running' jobs without a recent heartbeat
[2020-11-19 06:21:31,016] {dag_processing.py:1300} INFO - Failing jobs without heartbeat after 2020-11-19 06:16:31.016231+00:00
[2020-11-19 06:21:41,038] {dag_processing.py:1296} INFO - Finding 'running' jobs without a recent heartbeat
[2020-11-19 06:21:41,041] {dag_processing.py:1300} INFO - Failing jobs without heartbeat after 2020-11-19 06:16:41.041473+00:00
[2020-11-19 06:21:51,063] {dag_processing.py:1296} INFO - Finding 'running' jobs without a recent heartbeat
[2020-11-19 06:21:51,065] {dag_processing.py:1300} INFO - Failing jobs without heartbeat after 2020-11-19 06:16:51.065677+00:00
[2020-11-19 06:22:01,085] {dag_processing.py:1296} INFO - Finding 'running' jobs without a recent heartbeat
[2020-11-19 06:22:01,088] {dag_processing.py:1300} INFO - Failing jobs without heartbeat after 2020-11-19 06:17:01.088629+00:00
[2020-11-19 06:22:11,112] {dag_processing.py:1296} INFO - Finding 'running' jobs without a recent heartbeat
[2020-11-19 06:22:11,115] {dag_processing.py:1300} INFO - Failing jobs without heartbeat after 2020-11-19 06:17:11.114981+00:00
[2020-11-19 06:22:21,137] {dag_processing.py:1296} INFO - Finding 'running' jobs without a recent heartbeat
[2020-11-19 06:22:21,140] {dag_processing.py:1300} INFO - Failing jobs without heartbeat after 2020-11-19 06:17:21.140047+00:00
[2020-11-19 06:22:31,162] {dag_processing.py:1296} INFO - Finding 'running' jobs without a recent heartbeat
[2020-11-19 06:22:31,166] {dag_processing.py:1300} INFO - Failing jobs without heartbeat after 2020-11-19 06:17:31.166421+00:00
