[2020-11-21 00:34:08,656] {taskinstance.py:669} INFO - Dependencies all met for <TaskInstance: us_covid_daily_report_pipeline.fetch_covid_us_data 2020-11-17T00:00:00+00:00 [queued]>
[2020-11-21 00:34:08,734] {taskinstance.py:669} INFO - Dependencies all met for <TaskInstance: us_covid_daily_report_pipeline.fetch_covid_us_data 2020-11-17T00:00:00+00:00 [queued]>
[2020-11-21 00:34:08,736] {taskinstance.py:879} INFO - 
--------------------------------------------------------------------------------
[2020-11-21 00:34:08,744] {taskinstance.py:880} INFO - Starting attempt 1 of 1
[2020-11-21 00:34:08,748] {taskinstance.py:881} INFO - 
--------------------------------------------------------------------------------
[2020-11-21 00:34:08,834] {taskinstance.py:900} INFO - Executing <Task(BashOperator): fetch_covid_us_data> on 2020-11-17T00:00:00+00:00
[2020-11-21 00:34:08,840] {standard_task_runner.py:53} INFO - Started process 678 to run task
[2020-11-21 00:34:09,212] {logging_mixin.py:112} INFO - Running %s on host %s <TaskInstance: us_covid_daily_report_pipeline.fetch_covid_us_data 2020-11-17T00:00:00+00:00 [running]> 47cc47201df9
[2020-11-21 00:34:09,320] {bash_operator.py:82} INFO - Tmp dir root location: 
 /tmp
[2020-11-21 00:34:09,323] {bash_operator.py:105} INFO - Temporary script location: /tmp/airflowtmpx5r2zz7x/fetch_covid_us_datal90bnayb
[2020-11-21 00:34:09,324] {bash_operator.py:115} INFO - Running command: curl -o /opt/airflow/data/20201117.json         --request GET 	    --url https://api.covidtracking.com/v1/us/20201117.json
[2020-11-21 00:34:09,336] {bash_operator.py:122} INFO - Output:
[2020-11-21 00:34:09,355] {bash_operator.py:126} INFO -   % Total    % Received % Xferd  Average Speed   Time    Time     Time  Current
[2020-11-21 00:34:09,357] {bash_operator.py:126} INFO -                                  Dload  Upload   Total   Spent    Left  Speed
[2020-11-21 00:34:12,697] {bash_operator.py:126} INFO -   0     0    0     0    0     0      0      0 --:--:-- --:--:-- --:--:--     0  0     0    0     0    0     0      0      0 --:--:--  0:00:01 --:--:--     0  0     0    0     0    0     0      0      0 --:--:--  0:00:02 --:--:--     0  0     0    0     0    0     0      0      0 --:--:--  0:00:03 --:--:--     0100   623  100   623    0     0    186      0  0:00:03  0:00:03 --:--:--   186
[2020-11-21 00:34:12,700] {bash_operator.py:130} INFO - Command exited with return code 0
[2020-11-21 00:34:12,773] {taskinstance.py:1065} INFO - Marking task as SUCCESS.dag_id=us_covid_daily_report_pipeline, task_id=fetch_covid_us_data, execution_date=20201117T000000, start_date=20201121T003408, end_date=20201121T003412
[2020-11-21 00:34:18,574] {logging_mixin.py:112} INFO - [2020-11-21 00:34:18,574] {local_task_job.py:103} INFO - Task exited with return code 0
