[2020-11-21 00:00:04,118] {taskinstance.py:669} INFO - Dependencies all met for <TaskInstance: us_covid_daily_report_pipeline.fetch_covid_daily_confirmed 2020-11-20T00:00:00+00:00 [queued]>
[2020-11-21 00:00:04,188] {taskinstance.py:669} INFO - Dependencies all met for <TaskInstance: us_covid_daily_report_pipeline.fetch_covid_daily_confirmed 2020-11-20T00:00:00+00:00 [queued]>
[2020-11-21 00:00:04,190] {taskinstance.py:879} INFO - 
--------------------------------------------------------------------------------
[2020-11-21 00:00:04,191] {taskinstance.py:880} INFO - Starting attempt 1 of 1
[2020-11-21 00:00:04,193] {taskinstance.py:881} INFO - 
--------------------------------------------------------------------------------
[2020-11-21 00:00:04,253] {taskinstance.py:900} INFO - Executing <Task(BashOperator): fetch_covid_daily_confirmed> on 2020-11-20T00:00:00+00:00
[2020-11-21 00:00:04,258] {standard_task_runner.py:53} INFO - Started process 1858 to run task
[2020-11-21 00:00:04,548] {logging_mixin.py:112} INFO - Running %s on host %s <TaskInstance: us_covid_daily_report_pipeline.fetch_covid_daily_confirmed 2020-11-20T00:00:00+00:00 [running]> 5fdb493b75fa
[2020-11-21 00:00:04,649] {bash_operator.py:82} INFO - Tmp dir root location: 
 /tmp
[2020-11-21 00:00:04,652] {bash_operator.py:105} INFO - Temporary script location: /tmp/airflowtmpp4b9o095/fetch_covid_daily_confirmed1ulnz4q9
[2020-11-21 00:00:04,653] {bash_operator.py:115} INFO - Running command: curl -o /opt/airflow/data/confirmed_20201120.json         --request GET 	    --url https://covid1910.p.rapidapi.com/data/confirmed/province/date/11-20-2020 	    --header 'x-rapidapi-host: covid1910.p.rapidapi.com' 	    --header 'x-rapidapi-key: None'
[2020-11-21 00:00:04,660] {bash_operator.py:122} INFO - Output:
[2020-11-21 00:00:04,671] {bash_operator.py:126} INFO -   % Total    % Received % Xferd  Average Speed   Time    Time     Time  Current
[2020-11-21 00:00:04,672] {bash_operator.py:126} INFO -                                  Dload  Upload   Total   Spent    Left  Speed
[2020-11-21 00:00:04,783] {bash_operator.py:126} INFO -   0     0    0     0    0     0      0      0 --:--:-- --:--:-- --:--:--     0100    31  100    31    0     0    276      0 --:--:-- --:--:-- --:--:--   276
[2020-11-21 00:00:04,786] {bash_operator.py:130} INFO - Command exited with return code 0
[2020-11-21 00:00:04,833] {taskinstance.py:1065} INFO - Marking task as SUCCESS.dag_id=us_covid_daily_report_pipeline, task_id=fetch_covid_daily_confirmed, execution_date=20201120T000000, start_date=20201121T000004, end_date=20201121T000004
[2020-11-21 00:00:13,963] {logging_mixin.py:112} INFO - [2020-11-21 00:00:13,962] {local_task_job.py:103} INFO - Task exited with return code 0
