[2020-12-06 22:50:19,516] {taskinstance.py:669} INFO - Dependencies all met for <TaskInstance: us_covid_daily_report_pipeline.fetch_covid_us_data 2020-12-01T00:00:00+00:00 [queued]>
[2020-12-06 22:50:19,586] {taskinstance.py:669} INFO - Dependencies all met for <TaskInstance: us_covid_daily_report_pipeline.fetch_covid_us_data 2020-12-01T00:00:00+00:00 [queued]>
[2020-12-06 22:50:19,587] {taskinstance.py:879} INFO - 
--------------------------------------------------------------------------------
[2020-12-06 22:50:19,588] {taskinstance.py:880} INFO - Starting attempt 1 of 1
[2020-12-06 22:50:19,589] {taskinstance.py:881} INFO - 
--------------------------------------------------------------------------------
[2020-12-06 22:50:19,634] {taskinstance.py:900} INFO - Executing <Task(BashOperator): fetch_covid_us_data> on 2020-12-01T00:00:00+00:00
[2020-12-06 22:50:19,641] {standard_task_runner.py:53} INFO - Started process 5778 to run task
[2020-12-06 22:50:19,831] {logging_mixin.py:112} INFO - Running %s on host %s <TaskInstance: us_covid_daily_report_pipeline.fetch_covid_us_data 2020-12-01T00:00:00+00:00 [running]> 0d17e5047b06
[2020-12-06 22:50:19,947] {bash_operator.py:82} INFO - Tmp dir root location: 
 /tmp
[2020-12-06 22:50:19,950] {bash_operator.py:105} INFO - Temporary script location: /tmp/airflowtmp6ylvuqpu/fetch_covid_us_datao6d9d77a
[2020-12-06 22:50:19,952] {bash_operator.py:115} INFO - Running command: curl -o /opt/airflow/data/20201201.json         --request GET 	    --url https://api.covidtracking.com/v1/us/20201201.json
[2020-12-06 22:50:19,969] {bash_operator.py:122} INFO - Output:
[2020-12-06 22:50:19,998] {bash_operator.py:126} INFO -   % Total    % Received % Xferd  Average Speed   Time    Time     Time  Current
[2020-12-06 22:50:19,999] {bash_operator.py:126} INFO -                                  Dload  Upload   Total   Spent    Left  Speed
[2020-12-06 22:50:20,050] {bash_operator.py:126} INFO -   0     0    0     0    0     0      0      0 --:--:-- --:--:-- --:--:--     0100   623  100   623    0     0  11980      0 --:--:-- --:--:-- --:--:-- 11980
[2020-12-06 22:50:20,055] {bash_operator.py:130} INFO - Command exited with return code 0
[2020-12-06 22:50:20,095] {taskinstance.py:1065} INFO - Marking task as SUCCESS.dag_id=us_covid_daily_report_pipeline, task_id=fetch_covid_us_data, execution_date=20201201T000000, start_date=20201206T225019, end_date=20201206T225020
[2020-12-06 22:50:29,451] {logging_mixin.py:112} INFO - [2020-12-06 22:50:29,450] {local_task_job.py:103} INFO - Task exited with return code 0
