[2020-11-20 23:55:41,881] {taskinstance.py:669} INFO - Dependencies all met for <TaskInstance: us_covid_daily_report_pipeline.fetch_covid_daily_deaths 2020-11-18T00:00:00+00:00 [queued]>
[2020-11-20 23:55:42,007] {taskinstance.py:669} INFO - Dependencies all met for <TaskInstance: us_covid_daily_report_pipeline.fetch_covid_daily_deaths 2020-11-18T00:00:00+00:00 [queued]>
[2020-11-20 23:55:42,012] {taskinstance.py:879} INFO - 
--------------------------------------------------------------------------------
[2020-11-20 23:55:42,021] {taskinstance.py:880} INFO - Starting attempt 1 of 1
[2020-11-20 23:55:42,027] {taskinstance.py:881} INFO - 
--------------------------------------------------------------------------------
[2020-11-20 23:55:42,106] {taskinstance.py:900} INFO - Executing <Task(BashOperator): fetch_covid_daily_deaths> on 2020-11-18T00:00:00+00:00
[2020-11-20 23:55:42,126] {standard_task_runner.py:53} INFO - Started process 495 to run task
[2020-11-20 23:55:42,537] {logging_mixin.py:112} INFO - Running %s on host %s <TaskInstance: us_covid_daily_report_pipeline.fetch_covid_daily_deaths 2020-11-18T00:00:00+00:00 [running]> 5fdb493b75fa
[2020-11-20 23:55:42,650] {bash_operator.py:82} INFO - Tmp dir root location: 
 /tmp
[2020-11-20 23:55:42,655] {bash_operator.py:105} INFO - Temporary script location: /tmp/airflowtmpn5o96nip/fetch_covid_daily_deaths1btv3ap7
[2020-11-20 23:55:42,657] {bash_operator.py:115} INFO - Running command: curl -o /opt/airflow/data/death_20201118.json         --request GET 	    --url https://covid1910.p.rapidapi.com/data/confirmed/province/date/11-18-2020 	    --header 'x-rapidapi-host: covid1910.p.rapidapi.com' 	    --header 'x-rapidapi-key: None'
[2020-11-20 23:55:42,681] {bash_operator.py:122} INFO - Output:
[2020-11-20 23:55:42,699] {bash_operator.py:126} INFO -   % Total    % Received % Xferd  Average Speed   Time    Time     Time  Current
[2020-11-20 23:55:42,701] {bash_operator.py:126} INFO -                                  Dload  Upload   Total   Spent    Left  Speed
[2020-11-20 23:55:42,773] {bash_operator.py:126} INFO -   0     0    0     0    0     0      0      0 --:--:-- --:--:-- --:--:--     0100    31  100    31    0     0    418      0 --:--:-- --:--:-- --:--:--   424
[2020-11-20 23:55:42,779] {bash_operator.py:130} INFO - Command exited with return code 0
[2020-11-20 23:55:42,848] {taskinstance.py:1065} INFO - Marking task as SUCCESS.dag_id=us_covid_daily_report_pipeline, task_id=fetch_covid_daily_deaths, execution_date=20201118T000000, start_date=20201120T235541, end_date=20201120T235542
[2020-11-20 23:55:51,691] {logging_mixin.py:112} INFO - [2020-11-20 23:55:51,691] {local_task_job.py:103} INFO - Task exited with return code 0
